  arDetectMarker.c
d:\temporary\cg\trabalho_cg\lib\src\ar\ardetectmarker.c(37): warning C4996: 'fopen': This function or variable may be unsafe. Consider using fopen_s instead. To disable deprecation, use _CRT_SECURE_NO_WARNINGS. See online help for details.
  c:\program files (x86)\windows kits\10\include\10.0.10240.0\ucrt\stdio.h(205): note: see declaration of 'fopen'
  arDetectMarker2.c
  arGetCode.c
d:\temporary\cg\trabalho_cg\lib\src\ar\argetcode.c(61): warning C4996: 'fopen': This function or variable may be unsafe. Consider using fopen_s instead. To disable deprecation, use _CRT_SECURE_NO_WARNINGS. See online help for details.
  c:\program files (x86)\windows kits\10\include\10.0.10240.0\ucrt\stdio.h(205): note: see declaration of 'fopen'
d:\temporary\cg\trabalho_cg\lib\src\ar\argetcode.c(71): warning C4996: 'fscanf': This function or variable may be unsafe. Consider using fscanf_s instead. To disable deprecation, use _CRT_SECURE_NO_WARNINGS. See online help for details.
  c:\program files (x86)\windows kits\10\include\10.0.10240.0\ucrt\stdio.h(1193): note: see declaration of 'fscanf'
  arGetMarkerInfo.c
  arGetTransMat.c
  arGetTransMat2.c
  arGetTransMat3.c
  arGetTransMatCont.c
  arLabeling.c
  arUtil.c
d:\temporary\cg\trabalho_cg\lib\src\ar\arutil.c(47): warning C4996: 'strncpy': This function or variable may be unsafe. Consider using strncpy_s instead. To disable deprecation, use _CRT_SECURE_NO_WARNINGS. See online help for details.
  c:\program files (x86)\windows kits\10\include\10.0.10240.0\ucrt\string.h(346): note: see declaration of 'strncpy'
d:\temporary\cg\trabalho_cg\lib\src\ar\arutil.c(259): warning C4244: '=': conversion from '__time64_t' to 'int', possible loss of data
d:\temporary\cg\trabalho_cg\lib\src\ar\arutil.c(258): warning C4996: '_ftime64': This function or variable may be unsafe. Consider using _ftime64_s instead. To disable deprecation, use _CRT_SECURE_NO_WARNINGS. See online help for details.
  c:\program files (x86)\windows kits\10\include\10.0.10240.0\ucrt\sys\timeb.h(76): note: see declaration of '_ftime64'
d:\temporary\cg\trabalho_cg\lib\src\ar\arutil.c(286): warning C4244: '=': conversion from '__time64_t' to 'int', possible loss of data
d:\temporary\cg\trabalho_cg\lib\src\ar\arutil.c(285): warning C4996: '_ftime64': This function or variable may be unsafe. Consider using _ftime64_s instead. To disable deprecation, use _CRT_SECURE_NO_WARNINGS. See online help for details.
  c:\program files (x86)\windows kits\10\include\10.0.10240.0\ucrt\sys\timeb.h(76): note: see declaration of '_ftime64'
  mAlloc.c
  mAllocDup.c
  mAllocInv.c
  mAllocMul.c
  mAllocTrans.c
  mAllocUnit.c
  mDet.c
  mDisp.c
  mDup.c
  mFree.c
  Generating Code...
  Compiling...
  mInv.c
  mMul.c
  mPCA.c
  mSelfInv.c
  mTrans.c
  mUnit.c
  paramChangeSize.c
  paramDecomp.c
  paramDisp.c
  paramDistortion.c
  paramFile.c
d:\temporary\cg\trabalho_cg\lib\src\ar\paramfile.c(112): warning C4996: 'fopen': This function or variable may be unsafe. Consider using fopen_s instead. To disable deprecation, use _CRT_SECURE_NO_WARNINGS. See online help for details.
  c:\program files (x86)\windows kits\10\include\10.0.10240.0\ucrt\stdio.h(205): note: see declaration of 'fopen'
d:\temporary\cg\trabalho_cg\lib\src\ar\paramfile.c(161): warning C4996: 'fopen': This function or variable may be unsafe. Consider using fopen_s instead. To disable deprecation, use _CRT_SECURE_NO_WARNINGS. See online help for details.
  c:\program files (x86)\windows kits\10\include\10.0.10240.0\ucrt\stdio.h(205): note: see declaration of 'fopen'
d:\temporary\cg\trabalho_cg\lib\src\ar\paramfile.c(193): warning C4996: 'fopen': This function or variable may be unsafe. Consider using fopen_s instead. To disable deprecation, use _CRT_SECURE_NO_WARNINGS. See online help for details.
  c:\program files (x86)\windows kits\10\include\10.0.10240.0\ucrt\stdio.h(205): note: see declaration of 'fopen'
d:\temporary\cg\trabalho_cg\lib\src\ar\paramfile.c(219): warning C4996: 'fopen': This function or variable may be unsafe. Consider using fopen_s instead. To disable deprecation, use _CRT_SECURE_NO_WARNINGS. See online help for details.
  c:\program files (x86)\windows kits\10\include\10.0.10240.0\ucrt\stdio.h(205): note: see declaration of 'fopen'
  paramGet.c
  vAlloc.c
  vDisp.c
  vFree.c
  vHouse.c
  vInnerP.c
  vTridiag.c
  Generating Code...
C:\Program Files (x86)\MSBuild\Microsoft.Cpp\v4.0\V140\Microsoft.CppBuild.targets(1357,5): warning MSB8012: TargetPath(D:\Temporary\CG\Trabalho_CG\lib\SRC\AR\Debug\libAR.lib) does not match the Library's OutputFile property value (D:\Temporary\CG\Trabalho_CG\lib\libARd.lib). This may cause your project to build incorrectly. To correct this, please make sure that $(OutDir), $(TargetName) and $(TargetExt) property values match the value specified in %(Lib.OutputFile).
C:\Program Files (x86)\MSBuild\Microsoft.Cpp\v4.0\V140\Microsoft.CppBuild.targets(1359,5): warning MSB8012: TargetName(libAR) does not match the Library's OutputFile property value (libARd). This may cause your project to build incorrectly. To correct this, please make sure that $(OutDir), $(TargetName) and $(TargetExt) property values match the value specified in %(Lib.OutputFile).
  libAR.vcxproj -> D:\Temporary\CG\Trabalho_CG\lib\SRC\AR\Debug\libAR.lib
